ERR search Chamaemelum nobile flower HTTP Error 429: Too Many Requests
ERR search Roman chamomile flowers HTTP Error 429: Too Many Requests
camomille-romaine -> 
ERR search Ribes nigrum plant HTTP Error 429: Too Many Requests
ERR search Ribes nigrum berries HTTP Error 429: Too Many Requests
cassis-bourgeons -> 
ERR search Silybum marianum plant HTTP Error 429: Too Many Requests
ERR search milk thistle flower HTTP Error 429: Too Many Requests
chardon-marie -> 
ERR search Desmodium plant leaves HTTP Error 429: Too Many Requests
ERR search Desmodium gangeticum plant HTTP Error 429: Too Many Requests
desmodium -> 
ERR search Echinacea purpurea flower HTTP Error 429: Too Many Requests
ERR search purple coneflower HTTP Error 429: Too Many Requests
echinacee -> 
ERR verify https://upload.wikimedia.org/wikipedia/commons/thumb/0/04/Touch_Me_not.jpg/1280px-Touch_Me_not.jpg HTTP Error 403: Forbidden
ERR verify https://upload.wikimedia.org/wikipedia/commons/c/c9/Eleutherococcus_senticosus.jpg HTTP Error 403: Forbidden
ERR verify https://upload.wikimedia.org/wikipedia/commons/thumb/6/64/Acanthopanax_senticosus_2017-06-25_3034.jpg/1280px-Acanthopanax_senticosus_2017-06-25_3034.jpg HTTP Error 403: Forbidden
ERR verify https://upload.wikimedia.org/wikipedia/commons/thumb/6/6e/Acanthopanax_senticosus_2018-10-23_3697.jpg/1280px-Acanthopanax_senticosus_2018-10-23_3697.jpg HTTP Error 403: Forbidden
ERR verify https://upload.wikimedia.org/wikipedia/commons/thumb/b/bc/Acanthopanax_senticosus_2018-10-23_3705.jpg/1280px-Acanthopanax_senticosus_2018-10-23_3705.jpg HTTP Error 403: Forbidden
ERR verify https://upload.wikimedia.org/wikipedia/commons/thumb/f/f1/Acanthopanax_senticosus_2018-10-23_3698.jpg/1280px-Acanthopanax_senticosus_2018-10-23_3698.jpg HTTP Error 403: Forbidden
ERR verify https://upload.wikimedia.org/wikipedia/commons/thumb/e/ed/Acanthopanax_senticosus_2018-10-23_3699.jpg/1280px-Acanthopanax_senticosus_2018-10-23_3699.jpg HTTP Error 403: Forbidden
ERR verify https://upload.wikimedia.org/wikipedia/commons/thumb/f/ff/Acanthopanax_senticosus_2017-06-25_3039.jpg/1280px-Acanthopanax_senticosus_2017-06-25_3039.jpg HTTP Error 403: Forbidden
ERR verify https://upload.wikimedia.org/wikipedia/commons/c/c9/Eleutherococcus_senticosus.jpg HTTP Error 403: Forbidden
ERR verify https://upload.wikimedia.org/wikipedia/commons/thumb/0/09/Eleutherococcus_senticosus_kz03.jpg/1280px-Eleutherococcus_senticosus_kz03.jpg HTTP Error 403: Forbidden
ERR verify https://upload.wikimedia.org/wikipedia/commons/thumb/a/a3/Eleutherococcus_senticosus_kz04.jpg/1280px-Eleutherococcus_senticosus_kz04.jpg HTTP Error 403: Forbidden
ERR verify https://upload.wikimedia.org/wikipedia/commons/thumb/7/71/Eleutherococcus_senticosus_kz01.jpg/1280px-Eleutherococcus_senticosus_kz01.jpg HTTP Error 403: Forbidden
ERR verify https://upload.wikimedia.org/wikipedia/commons/thumb/3/39/Eleutherococcus_senticosus_kz02.jpg/1280px-Eleutherococcus_senticosus_kz02.jpg HTTP Error 403: Forbidden
ERR verify https://upload.wikimedia.org/wikipedia/commons/thumb/a/ad/Honey_with_Eleutherococcus_senticosus%2C_bought_in_Vladivostok_around_2018.jpg/1280px-Honey_with_Eleutherococcus_senticosus%2C_bought_in_Vladivostok_around_2018.jpg HTTP Error 403: Forbidden
ERR verify https://upload.wikimedia.org/wikipedia/commons/thumb/e/e0/Eleutherococcus_senticosus_kz05.jpg/1280px-Eleutherococcus_senticosus_kz05.jpg HTTP Error 403: Forbidden
ERR verify https://upload.wikimedia.org/wikipedia/commons/thumb/3/3e/Eleutherococcus_senticosus_kz06.jpg/1280px-Eleutherococcus_senticosus_kz06.jpg HTTP Error 403: Forbidden
eleutherocoque -> 
ERR verify https://upload.wikimedia.org/wikipedia/commons/thumb/c/c0/Foeniculum_July_2011-1a.jpg/1280px-Foeniculum_July_2011-1a.jpg HTTP Error 403: Forbidden
ERR verify https://upload.wikimedia.org/wikipedia/commons/thumb/5/5a/Foeniculum_vulgare_sl7.jpg/1280px-Foeniculum_vulgare_sl7.jpg HTTP Error 403: Forbidden
ERR verify https://upload.wikimedia.org/wikipedia/commons/thumb/1/1e/Foeniculum_vulgare_in_Montseron_-_20191025_%283%29.jpg/1280px-Foeniculum_vulgare_in_Montseron_-_20191025_%283%29.jpg HTTP Error 403: Forbidden
ERR verify https://upload.wikimedia.org/wikipedia/commons/thumb/4/4d/Knollenfenchel_%28Foeniculum_vulgare_var._azoricum%29_mit_Disteln%2C_Josef_Schlaghecken.jpg/1280px-Knollenfenchel_%28Foeniculum_vulgare_var._azoricum%29_mit_Disteln%2C_Josef_Schlaghecken.jpg HTTP Error 403: Forbidden
ERR verify https://upload.wikimedia.org/wikipedia/commons/b/b2/Foeniculum_vulgare_-_K%C3%B6hler%E2%80%93s_Medizinal-Pflanzen-148.jpg HTTP Error 403: Forbidden
ERR verify https://upload.wikimedia.org/wikipedia/commons/thumb/5/5c/Knollenfenchel_%28Foeniculum_vulgare_var._azoricum%29_mit_Feldwespen-Josef_Schlaghecken.jpg/1280px-Knollenfenchel_%28Foeniculum_vulgare_var._azoricum%29_mit_Feldwespen-Josef_Schlaghecken.jpg HTTP Error 403: Forbidden
ERR verify https://upload.wikimedia.org/wikipedia/commons/thumb/1/1f/Starr_070908-9242_Foeniculum_vulgare.jpg/1280px-Starr_070908-9242_Foeniculum_vulgare.jpg HTTP Error 403: Forbidden
ERR verify https://upload.wikimedia.org/wikipedia/commons/thumb/f/ff/Foeniculum_vulgare_sl9.jpg/1280px-Foeniculum_vulgare_sl9.jpg HTTP Error 403: Forbidden
ERR verify https://upload.wikimedia.org/wikipedia/commons/thumb/2/26/Fennel_plant_in_pot.jpg/1280px-Fennel_plant_in_pot.jpg HTTP Error 403: Forbidden
ERR verify https://upload.wikimedia.org/wikipedia/commons/thumb/9/9e/-2020-09-08_Fennel_%28Foeniculum%29%2C_Trimingham%2C_Norfolk.JPG/1280px--2020-09-08_Fennel_%28Foeniculum%29%2C_Trimingham%2C_Norfolk.JPG HTTP Error 403: Forbidden
ERR verify https://upload.wikimedia.org/wikipedia/commons/thumb/e/ee/-2020-05-18_Fennel_%28Foeniculum%29%2C_Trimingham_%282%29.JPG/1280px--2020-05-18_Fennel_%28Foeniculum%29%2C_Trimingham_%282%29.JPG HTTP Error 403: Forbidden
ERR verify https://upload.wikimedia.org/wikipedia/commons/thumb/2/2e/-2020-05-18_Fennel_%28Foeniculum%29%2C_Trimingham_%281%29.JPG/1280px--2020-05-18_Fennel_%28Foeniculum%29%2C_Trimingham_%281%29.JPG HTTP Error 403: Forbidden
ERR verify https://upload.wikimedia.org/wikipedia/commons/thumb/d/df/-2019-03-07_Fennel_%28Foeniculum%29%2C_Trimingham_%281%29.JPG/1280px--2019-03-07_Fennel_%28Foeniculum%29%2C_Trimingham_%281%29.JPG HTTP Error 403: Forbidden
ERR verify https://upload.wikimedia.org/wikipedia/commons/thumb/6/65/-2019-03-07_Fennel_%28Foeniculum%29%2C_Trimingham_%282%29.JPG/1280px--2019-03-07_Fennel_%28Foeniculum%29%2C_Trimingham_%282%29.JPG HTTP Error 403: Forbidden
ERR verify https://upload.wikimedia.org/wikipedia/commons/2/27/Fenouil_de_Florence_Vilmorin-Andrieux_1883.png HTTP Error 403: Forbidden
fenouil -> 
ERR verify https://upload.wikimedia.org/wikipedia/commons/thumb/3/30/Gentiana_lutea_in_Nasbinals.jpg/1280px-Gentiana_lutea_in_Nasbinals.jpg HTTP Error 403: Forbidden
ERR verify https://upload.wikimedia.org/wikipedia/commons/thumb/1/10/Gentiana_lutea_in_Chablais_%281%29.jpg/1280px-Gentiana_lutea_in_Chablais_%281%29.jpg HTTP Error 403: Forbidden
ERR verify https://upload.wikimedia.org/wikipedia/commons/thumb/2/2f/Gentiana_lutea_Goryczka_%C5%BC%C3%B3%C5%82ta_2010-06-11_02.jpg/1280px-Gentiana_lutea_Goryczka_%C5%BC%C3%B3%C5%82ta_2010-06-11_02.jpg HTTP Error 403: Forbidden
ERR verify https://upload.wikimedia.org/wikipedia/commons/thumb/7/79/Gentiana_lutea_Goryczka_%C5%BC%C3%B3%C5%82ta_2010-06-11_03.jpg/1280px-Gentiana_lutea_Goryczka_%C5%BC%C3%B3%C5%82ta_2010-06-11_03.jpg HTTP Error 403: Forbidden
ERR verify https://upload.wikimedia.org/wikipedia/commons/thumb/7/71/Gentiana_lutea_Goryczka_%C5%BC%C3%B3%C5%82ta_2010-05-29_01.jpg/1280px-Gentiana_lutea_Goryczka_%C5%BC%C3%B3%C5%82ta_2010-05-29_01.jpg HTTP Error 403: Forbidden
ERR verify https://upload.wikimedia.org/wikipedia/commons/thumb/0/02/Gentiana_lutea_Goryczka_%C5%BC%C3%B3%C5%82ta_2010-06-11_01.jpg/1280px-Gentiana_lutea_Goryczka_%C5%BC%C3%B3%C5%82ta_2010-06-11_01.jpg HTTP Error 403: Forbidden
ERR verify https://upload.wikimedia.org/wikipedia/commons/thumb/0/04/Gentiana_lutea_Goryczka_%C5%BC%C3%B3%C5%82ta_2010-05-29_02.jpg/1280px-Gentiana_lutea_Goryczka_%C5%BC%C3%B3%C5%82ta_2010-05-29_02.jpg HTTP Error 403: Forbidden
ERR verify https://upload.wikimedia.org/wikipedia/commons/9/9f/Gentiana_lutea_Goryczka_%C5%BC%C3%B3%C5%82ta_2010-06-11_04.jpg HTTP Error 403: Forbidden
ERR verify https://upload.wikimedia.org/wikipedia/commons/thumb/c/c0/Great_Yellow_Gentian_imported_from_iNaturalist_photo_184401643_on_7_March_2024.jpg/1280px-Great_Yellow_Gentian_imported_from_iNaturalist_photo_184401643_on_7_March_2024.jpg HTTP Error 403: Forbidden
ERR verify https://upload.wikimedia.org/wikipedia/commons/thumb/1/1c/Yellow_gentian.JPG/1280px-Yellow_gentian.JPG HTTP Error 403: Forbidden
ERR verify https://upload.wikimedia.org/wikipedia/commons/4/4e/Stamp_of_Albania_-_2000_-_Colnect_186699_-_Great_Yellow_Gentian_Gentiana_lutea.jpeg HTTP Error 403: Forbidden
ERR verify https://upload.wikimedia.org/wikipedia/commons/thumb/7/7d/Gentianes_jaunes_sous_Cr%C3%A8ve-T%C3%AAte_%28ao%C3%BBt_2025%29.JPG/1280px-Gentianes_jaunes_sous_Cr%C3%A8ve-T%C3%AAte_%28ao%C3%BBt_2025%29.JPG HTTP Error 403: Forbidden
ERR verify https://upload.wikimedia.org/wikipedia/commons/thumb/d/d4/Grasshopper_on_gentian_%28257165557%29.jpg/1280px-Grasshopper_on_gentian_%28257165557%29.jpg HTTP Error 403: Forbidden
ERR verify https://upload.wikimedia.org/wikipedia/commons/thumb/f/ff/Gentianes_pr%C3%A8s_du_lac_du_Mont-Cenis_%28juin_2022%29.JPG/1280px-Gentianes_pr%C3%A8s_du_lac_du_Mont-Cenis_%28juin_2022%29.JPG HTTP Error 403: Forbidden
ERR verify https://upload.wikimedia.org/wikipedia/commons/thumb/d/d2/Sur_la_Montagne_ard%C3%A9choise_%3B_des_gentianes_jaunes.JPG/1280px-Sur_la_Montagne_ard%C3%A9choise_%3B_des_gentianes_jaunes.JPG HTTP Error 403: Forbidden
gentiane -> 
ERR verify https://upload.wikimedia.org/wikipedia/commons/thumb/d/dd/Ginger_Root_%28179871501%29.jpeg/1280px-Ginger_Root_%28179871501%29.jpeg HTTP Error 403: Forbidden
ERR verify https://upload.wikimedia.org/wikipedia/commons/thumb/6/62/Liat_Portal_for_Foodie_Disorder_-_Fresh_ginger_root_from_San_Francisco_farmers_market.jpg/1280px-Liat_Portal_for_Foodie_Disorder_-_Fresh_ginger_root_from_San_Francisco_farmers_market.jpg HTTP Error 403: Forbidden
ERR verify https://upload.wikimedia.org/wikipedia/commons/thumb/f/fd/Organic_Turmeric_Rhizome_%28Root%29.jpg/1280px-Organic_Turmeric_Rhizome_%28Root%29.jpg HTTP Error 403: Forbidden
ERR verify https://upload.wikimedia.org/wikipedia/commons/thumb/3/3d/Ginger_rhizome.jpg/1280px-Ginger_rhizome.jpg HTTP Error 403: Forbidden
ERR verify https://upload.wikimedia.org/wikipedia/commons/thumb/c/c5/Bumbu_Rawon.jpg/1280px-Bumbu_Rawon.jpg HTTP Error 403: Forbidden
ERR verify https://upload.wikimedia.org/wikipedia/commons/thumb/f/fc/Bumbu_dan_Rempah_-_rempah.jpg/1280px-Bumbu_dan_Rempah_-_rempah.jpg HTTP Error 403: Forbidden
ERR verify https://upload.wikimedia.org/wikipedia/commons/thumb/c/c7/Ginger_%28Zingiber_officinale%29.jpg/1280px-Ginger_%28Zingiber_officinale%29.jpg HTTP Error 403: Forbidden
ERR verify https://upload.wikimedia.org/wikipedia/commons/thumb/9/9f/Culinary_rhizomes.jpg/1280px-Culinary_rhizomes.jpg HTTP Error 403: Forbidden
ERR verify https://upload.wikimedia.org/wikipedia/commons/thumb/c/c7/Ginger_%28Zingiber_officinale%29.jpg/1280px-Ginger_%28Zingiber_officinale%29.jpg HTTP Error 403: Forbidden
ERR verify https://upload.wikimedia.org/wikipedia/commons/thumb/d/db/Zingiber_officinale_fresh_rhizome.JPG/1280px-Zingiber_officinale_fresh_rhizome.JPG HTTP Error 403: Forbidden
ERR verify https://upload.wikimedia.org/wikipedia/commons/thumb/7/76/Zingiber_officinale_001.JPG/1280px-Zingiber_officinale_001.JPG HTTP Error 403: Forbidden
ERR verify https://upload.wikimedia.org/wikipedia/commons/thumb/4/48/Zingiber_officinale_rhizome.jpg/1280px-Zingiber_officinale_rhizome.jpg HTTP Error 403: Forbidden
ERR verify https://upload.wikimedia.org/wikipedia/commons/thumb/5/5f/Zingiber_officinale_%28Zingiberaceae%29.jpg/1280px-Zingiber_officinale_%28Zingiberaceae%29.jpg HTTP Error 403: Forbidden
ERR verify https://upload.wikimedia.org/wikipedia/commons/thumb/a/a5/Zingiber_officinale_002.JPG/1280px-Zingiber_officinale_002.JPG HTTP Error 403: Forbidden
ERR verify https://upload.wikimedia.org/wikipedia/commons/thumb/3/34/Zingiberales_-_Zingiber_officinale_-_1.jpg/1280px-Zingiberales_-_Zingiber_officinale_-_1.jpg HTTP Error 403: Forbidden
ERR verify https://upload.wikimedia.org/wikipedia/commons/thumb/2/2f/Zingiberales_-_Zingiber_officinale_-_2.jpg/1280px-Zingiberales_-_Zingiber_officinale_-_2.jpg HTTP Error 403: Forbidden
gingembre -> 
ERR verify https://upload.wikimedia.org/wikipedia/commons/thumb/e/e2/Ginkgo-Blatt_--_2024_--_6855.jpg/1280px-Ginkgo-Blatt_--_2024_--_6855.jpg HTTP Error 403: Forbidden
ERR verify https://upload.wikimedia.org/wikipedia/commons/thumb/7/78/GinkgoLeaves.jpg/1280px-GinkgoLeaves.jpg HTTP Error 403: Forbidden
ERR verify https://upload.wikimedia.org/wikipedia/commons/thumb/4/44/Ginkgo_biloba_leaves_in_radial_arrangement_-_2019-10-25_focus_stack.jpg/1280px-Ginkgo_biloba_leaves_in_radial_arrangement_-_2019-10-25_focus_stack.jpg HTTP Error 403: Forbidden
ERR verify https://upload.wikimedia.org/wikipedia/commons/thumb/d/d2/Ginkgo_Tree_Ginkgo_biloba_Leaves_Cluster_3008px.jpg/1280px-Ginkgo_Tree_Ginkgo_biloba_Leaves_Cluster_3008px.jpg HTTP Error 403: Forbidden
ERR verify https://upload.wikimedia.org/wikipedia/commons/thumb/c/c4/Alfombra_con_follas_de_Ginkgo_biloba_secas._Alameda_de_Santiago_de_Compostela._Galiza.jpg/1280px-Alfombra_con_follas_de_Ginkgo_biloba_secas._Alameda_de_Santiago_de_Compostela._Galiza.jpg HTTP Error 403: Forbidden
ERR verify https://upload.wikimedia.org/wikipedia/commons/thumb/5/51/Ginkgo_biloba._Xard%C3%ADn_das_Pedras_que_Falan_2025_Compostela_Galiza.jpg/1280px-Ginkgo_biloba._Xard%C3%ADn_das_Pedras_que_Falan_2025_Compostela_Galiza.jpg HTTP Error 403: Forbidden
ERR verify https://upload.wikimedia.org/wikipedia/commons/thumb/c/c0/Ginkgo_biloba.004_-_Ponferrada.jpg/1280px-Ginkgo_biloba.004_-_Ponferrada.jpg HTTP Error 403: Forbidden
ERR verify https://upload.wikimedia.org/wikipedia/commons/thumb/3/3b/Ginkgo_biloba_F%C3%A4cherblattbaum_07.JPG/1280px-Ginkgo_biloba_F%C3%A4cherblattbaum_07.JPG HTTP Error 403: Forbidden
ERR verify https://upload.wikimedia.org/wikipedia/commons/thumb/e/e2/Ginkgo-Blatt_--_2024_--_6855.jpg/1280px-Ginkgo-Blatt_--_2024_--_6855.jpg HTTP Error 403: Forbidden
ERR verify https://upload.wikimedia.org/wikipedia/commons/thumb/2/20/%D0%9F%D0%BE%D0%BF%D0%B5%D1%80%D0%B5%D1%87%D0%BD%D1%8B%D0%B9_%D1%81%D1%80%D0%B5%D0%B7_%D1%81%D1%82%D0%B5%D0%B1%D0%BB%D1%8F_Ginkgo_biloba.jpg/1280px-%D0%9F%D0%BE%D0%BF%D0%B5%D1%80%D0%B5%D1%87%D0%BD%D1%8B%D0%B9_%D1%81%D1%80%D0%B5%D0%B7_%D1%81%D1%82%D0%B5%D0%B1%D0%BB%D1%8F_Ginkgo_biloba.jpg HTTP Error 403: Forbidden
ERR verify https://upload.wikimedia.org/wikipedia/commons/thumb/1/19/Ginkgo_biloba_MHNT.BOT.2010.13.1.jpg/1280px-Ginkgo_biloba_MHNT.BOT.2010.13.1.jpg HTTP Error 403: Forbidden
ERR verify https://upload.wikimedia.org/wikipedia/commons/thumb/c/cd/Hortus_Haren_18-05-2019._%28actm.%29_03.jpg/1280px-Hortus_Haren_18-05-2019._%28actm.%29_03.jpg HTTP Error 403: Forbidden
ERR verify https://upload.wikimedia.org/wikipedia/commons/thumb/3/38/Ginkgo_biloba_Frederick_MD1.jpg/1280px-Ginkgo_biloba_Frederick_MD1.jpg HTTP Error 403: Forbidden
ERR verify https://upload.wikimedia.org/wikipedia/commons/thumb/d/d2/Record_Street_ginkgo_MD1.jpg/1280px-Record_Street_ginkgo_MD1.jpg HTTP Error 403: Forbidden
ERR verify https://upload.wikimedia.org/wikipedia/commons/thumb/e/ed/Ginkgo_and_fence_MD1.jpg/1280px-Ginkgo_and_fence_MD1.jpg HTTP Error 403: Forbidden
ERR verify https://upload.wikimedia.org/wikipedia/commons/thumb/c/c6/Zwam_op_Japanse_notenboom_%28Ginkgo_biloba%29_Hortus_Haren.JPG/1280px-Zwam_op_Japanse_notenboom_%28Ginkgo_biloba%29_Hortus_Haren.JPG HTTP Error 403: Forbidden
ginkgo -> 
ERR verify https://upload.wikimedia.org/wikipedia/commons/d/de/Ginseng_root.jpg HTTP Error 403: Forbidden
ERR verify https://upload.wikimedia.org/wikipedia/commons/4/40/American_Ginseng_2.jpg HTTP Error 403: Forbidden
ERR verify https://upload.wikimedia.org/wikipedia/commons/2/25/American_Ginseng_1.jpg HTTP Error 403: Forbidden
ERR verify https://upload.wikimedia.org/wikipedia/commons/3/3d/American_Ginseng_3.jpg HTTP Error 403: Forbidden
ERR verify https://upload.wikimedia.org/wikipedia/commons/thumb/a/aa/Panax_quinquefolius%2C_American_Ginseng_root%2C_GFG%2C_Howard_County%2C_Md_2019-03-22-15.09.11_ZS_PMax_UDR_%2850000077716%29.jpg/1280px-Panax_quinquefolius%2C_American_Ginseng_root%2C_GFG%2C_Howard_County%2C_Md_2019-03-22-15.09.11_ZS_PMax_UDR_%2850000077716%29.jpg HTTP Error 403: Forbidden
ERR verify https://upload.wikimedia.org/wikipedia/commons/thumb/7/78/Panax_quinquefolius_2%2C_American_Ginseng_root%2C_GFG%2C_Howard_County%2C_Md_2019-03-22-15.19.18_ZS_PMax_UDR_%2850000077421%29.jpg/1280px-Panax_quinquefolius_2%2C_American_Ginseng_root%2C_GFG%2C_Howard_County%2C_Md_2019-03-22-15.19.18_ZS_PMax_UDR_%2850000077421%29.jpg HTTP Error 403: Forbidden
ERR verify https://upload.wikimedia.org/wikipedia/commons/e/e2/American_Ginseng.jpg HTTP Error 403: Forbidden
ERR verify https://upload.wikimedia.org/wikipedia/commons/thumb/d/d8/Insam_%28ginseng%29.jpg/1280px-Insam_%28ginseng%29.jpg HTTP Error 403: Forbidden
ERR search Panax ginseng plant HTTP Error 429: Too Many Requests
ginseng -> 
ERR search Harpagophytum procumbens plant HTTP Error 429: Too Many Requests
ERR search devil's claw plant flower HTTP Error 429: Too Many Requests
harpagophytum -> 
ERR search Lavandula angustifolia field flowers HTTP Error 429: Too Many Requests
ERR search true lavender flowers HTTP Error 429: Too Many Requests
lavande-vraie -> 
ERR search Melissa officinalis plant HTTP Error 429: Too Many Requests
ERR search lemon balm leaves HTTP Error 429: Too Many Requests
melisse -> 
ERR search Mentha piperita plant HTTP Error 429: Too Many Requests
ERR search peppermint leaves HTTP Error 429: Too Many Requests
menthe-poivree -> 
ERR search Urtica dioica plant HTTP Error 429: Too Many Requests
ERR search stinging nettle leaves HTTP Error 429: Too Many Requests
ortie -> 
ERR search Passiflora incarnata flower HTTP Error 429: Too Many Requests
ERR verify https://upload.wikimedia.org/wikipedia/commons/thumb/b/b3/Passionflower_%28Passiflora%29_in_Bloom.jpg/1280px-Passionflower_%28Passiflora%29_in_Bloom.jpg HTTP Error 403: Forbidden
ERR verify https://upload.wikimedia.org/wikipedia/commons/thumb/4/4e/NASA_Kennedy_Wildlife_-_Passionflower_vine_with_purple_bloom.jpg/1280px-NASA_Kennedy_Wildlife_-_Passionflower_vine_with_purple_bloom.jpg HTTP Error 403: Forbidden
ERR verify https://upload.wikimedia.org/wikipedia/commons/8/88/Foetid_passionflower_%28Passiflora_foetida%29_%286128013446%29.jpg HTTP Error 403: Forbidden
ERR verify https://upload.wikimedia.org/wikipedia/commons/thumb/e/ef/PassionFlower_%2850619257711%29.jpg/1280px-PassionFlower_%2850619257711%29.jpg HTTP Error 403: Forbidden
ERR verify https://upload.wikimedia.org/wikipedia/commons/thumb/a/af/Wild_Water_Lemon.jpg/1280px-Wild_Water_Lemon.jpg HTTP Error 403: Forbidden
ERR verify https://upload.wikimedia.org/wikipedia/commons/thumb/6/6f/%D0%A1%D1%82%D1%80%D0%B0%D1%81%D1%82%D0%BE%D1%86%D0%B2%D0%B5%D1%82.jpg/1280px-%D0%A1%D1%82%D1%80%D0%B0%D1%81%D1%82%D0%BE%D1%86%D0%B2%D0%B5%D1%82.jpg HTTP Error 403: Forbidden
ERR verify https://upload.wikimedia.org/wikipedia/commons/thumb/3/36/Dollar_Clematis_%2855190353735%29.jpg/1280px-Dollar_Clematis_%2855190353735%29.jpg HTTP Error 403: Forbidden
ERR verify https://upload.wikimedia.org/wikipedia/commons/2/23/Passion_flower.jpg HTTP Error 403: Forbidden
passiflore -> 
ERR verify https://upload.wikimedia.org/wikipedia/commons/thumb/b/b5/Gesloten_bloem_van_de_paardenbloem_%28Taraxacum_officinale%29_09-05-2021._%28d.j.b%29_02.jpg/1280px-Gesloten_bloem_van_de_paardenbloem_%28Taraxacum_officinale%29_09-05-2021._%28d.j.b%29_02.jpg HTTP Error 403: Forbidden
ERR verify https://upload.wikimedia.org/wikipedia/commons/thumb/c/c4/Dwarsdoorsnede_van_een_gesloten_bloem_van_een_paardenbloem_%28Taraxacum_officinale%29_08-05-2022._%28d.j.b%29.jpg/1280px-Dwarsdoorsnede_van_een_gesloten_bloem_van_een_paardenbloem_%28Taraxacum_officinale%29_08-05-2022._%28d.j.b%29.jpg HTTP Error 403: Forbidden
ERR verify https://upload.wikimedia.org/wikipedia/commons/thumb/a/a8/Bombus_ruderarius_-_Taraxacum_officinale_-_Keila.jpg/1280px-Bombus_ruderarius_-_Taraxacum_officinale_-_Keila.jpg HTTP Error 403: Forbidden
ERR verify https://upload.wikimedia.org/wikipedia/commons/thumb/b/b8/Crepidinae_sp._%28Slovenia%29.jpg/1280px-Crepidinae_sp._%28Slovenia%29.jpg HTTP Error 403: Forbidden
ERR verify https://upload.wikimedia.org/wikipedia/commons/thumb/0/0d/A_pair_of_little_Harvest_Mice_%2850331384776%29.jpg/1280px-A_pair_of_little_Harvest_Mice_%2850331384776%29.jpg HTTP Error 403: Forbidden
ERR verify https://upload.wikimedia.org/wikipedia/commons/thumb/8/8e/Taraxacum_officinale_side_makro.jpg/1280px-Taraxacum_officinale_side_makro.jpg HTTP Error 403: Forbidden
ERR verify https://upload.wikimedia.org/wikipedia/commons/thumb/d/d9/Paardenbloem_%28Taraxacum_officinale%29_06.JPG/1280px-Paardenbloem_%28Taraxacum_officinale%29_06.JPG HTTP Error 403: Forbidden
ERR verify https://upload.wikimedia.org/wikipedia/commons/thumb/d/d2/Paardenbloem_%28Taraxacum_officinale%29_26-04-2020._%28actm.%29_01.jpg/1280px-Paardenbloem_%28Taraxacum_officinale%29_26-04-2020._%28actm.%29_01.jpg HTTP Error 403: Forbidden
ERR verify https://upload.wikimedia.org/wikipedia/commons/thumb/b/b5/Gesloten_bloem_van_de_paardenbloem_%28Taraxacum_officinale%29_09-05-2021._%28d.j.b%29_02.jpg/1280px-Gesloten_bloem_van_de_paardenbloem_%28Taraxacum_officinale%29_09-05-2021._%28d.j.b%29_02.jpg HTTP Error 403: Forbidden
ERR verify https://upload.wikimedia.org/wikipedia/commons/thumb/c/c4/Dwarsdoorsnede_van_een_gesloten_bloem_van_een_paardenbloem_%28Taraxacum_officinale%29_08-05-2022._%28d.j.b%29.jpg/1280px-Dwarsdoorsnede_van_een_gesloten_bloem_van_een_paardenbloem_%28Taraxacum_officinale%29_08-05-2022._%28d.j.b%29.jpg HTTP Error 403: Forbidden
ERR verify https://upload.wikimedia.org/wikipedia/commons/thumb/b/b8/Crepidinae_sp._%28Slovenia%29.jpg/1280px-Crepidinae_sp._%28Slovenia%29.jpg HTTP Error 403: Forbidden
ERR verify https://upload.wikimedia.org/wikipedia/commons/thumb/a/a8/Bombus_ruderarius_-_Taraxacum_officinale_-_Keila.jpg/1280px-Bombus_ruderarius_-_Taraxacum_officinale_-_Keila.jpg HTTP Error 403: Forbidden
ERR verify https://upload.wikimedia.org/wikipedia/commons/thumb/d/d9/Paardenbloem_%28Taraxacum_officinale%29_06.JPG/1280px-Paardenbloem_%28Taraxacum_officinale%29_06.JPG HTTP Error 403: Forbidden
ERR verify https://upload.wikimedia.org/wikipedia/commons/thumb/5/50/Bloemknop_van_de_paardenbloem_%28Taraxacum_officinale%29_28-04-2025._%28d.j.b%29.jpg/1280px-Bloemknop_van_de_paardenbloem_%28Taraxacum_officinale%29_28-04-2025._%28d.j.b%29.jpg HTTP Error 403: Forbidden
ERR verify https://upload.wikimedia.org/wikipedia/commons/thumb/1/11/Cochem%2C_Cond%2C_Moselufer%2C_Taraxacum_officinale_--_2018_--_0118.jpg/1280px-Cochem%2C_Cond%2C_Moselufer%2C_Taraxacum_officinale_--_2018_--_0118.jpg HTTP Error 403: Forbidden
ERR verify https://upload.wikimedia.org/wikipedia/commons/thumb/5/5f/Gesloten_bloem_van_de_paardenbloem_%28Taraxacum_officinale%29_09-05-2021._%28d.j.b%29_01.jpg/1280px-Gesloten_bloem_van_de_paardenbloem_%28Taraxacum_officinale%29_09-05-2021._%28d.j.b%29_01.jpg HTTP Error 403: Forbidden
pissenlit -> 
ERR verify https://upload.wikimedia.org/wikipedia/commons/thumb/2/22/Equisetum_arvense_fertile_spore-bearing_stem_-_Keila.jpg/1280px-Equisetum_arvense_fertile_spore-bearing_stem_-_Keila.jpg HTTP Error 403: Forbidden
ERR verify https://upload.wikimedia.org/wikipedia/commons/thumb/5/50/Equisetum_arvense_%28Field_Horsetail%29_MRD.jpg/1280px-Equisetum_arvense_%28Field_Horsetail%29_MRD.jpg HTTP Error 403: Forbidden
ERR verify https://upload.wikimedia.org/wikipedia/commons/thumb/2/2f/Equisetum_arvense_kz10.jpg/1280px-Equisetum_arvense_kz10.jpg HTTP Error 403: Forbidden
ERR verify https://upload.wikimedia.org/wikipedia/commons/thumb/a/a2/Equisetum_arvense_kz09.jpg/1280px-Equisetum_arvense_kz09.jpg HTTP Error 403: Forbidden
ERR verify https://upload.wikimedia.org/wikipedia/commons/thumb/d/d5/Field_Horsetail_%28Equisetum_arvense%29_-_Oakville%2C_Ontario_2017-05-12.jpg/1280px-Field_Horsetail_%28Equisetum_arvense%29_-_Oakville%2C_Ontario_2017-05-12.jpg HTTP Error 403: Forbidden
ERR verify https://upload.wikimedia.org/wikipedia/commons/thumb/e/e9/Heermoes_%28Equisetum_arvense%29_-_fertiele_stengels.jpg/1280px-Heermoes_%28Equisetum_arvense%29_-_fertiele_stengels.jpg HTTP Error 403: Forbidden
ERR verify https://upload.wikimedia.org/wikipedia/commons/thumb/3/35/Equisetum_arvense_126536963.jpg/1280px-Equisetum_arvense_126536963.jpg HTTP Error 403: Forbidden
ERR verify https://upload.wikimedia.org/wikipedia/commons/thumb/2/22/Equisetum_arvense_fertile_spore-bearing_stem_-_Keila.jpg/1280px-Equisetum_arvense_fertile_spore-bearing_stem_-_Keila.jpg HTTP Error 403: Forbidden
ERR verify https://upload.wikimedia.org/wikipedia/commons/thumb/c/cf/Equisetum_arvense-271.JPG/1280px-Equisetum_arvense-271.JPG HTTP Error 403: Forbidden
ERR verify https://upload.wikimedia.org/wikipedia/commons/thumb/2/24/Equisetum_arvense_strobilus.jpg/1280px-Equisetum_arvense_strobilus.jpg HTTP Error 403: Forbidden
ERR verify https://upload.wikimedia.org/wikipedia/commons/thumb/3/35/Equisetum_arvense_126536963.jpg/1280px-Equisetum_arvense_126536963.jpg HTTP Error 403: Forbidden
ERR verify https://upload.wikimedia.org/wikipedia/commons/thumb/5/50/Equisetum_arvense_%28Field_Horsetail%29_MRD.jpg/1280px-Equisetum_arvense_%28Field_Horsetail%29_MRD.jpg HTTP Error 403: Forbidden
ERR verify https://upload.wikimedia.org/wikipedia/commons/thumb/0/09/Equisetum_arvense_kz05.jpg/1280px-Equisetum_arvense_kz05.jpg HTTP Error 403: Forbidden
ERR verify https://upload.wikimedia.org/wikipedia/commons/thumb/3/3a/Equisetum_arvense_kz07.jpg/1280px-Equisetum_arvense_kz07.jpg HTTP Error 403: Forbidden
ERR verify https://upload.wikimedia.org/wikipedia/commons/thumb/0/01/Equisetum_arvense_kz03.jpg/1280px-Equisetum_arvense_kz03.jpg HTTP Error 403: Forbidden
prele-des-champs -> 
ERR verify https://upload.wikimedia.org/wikipedia/commons/thumb/c/ce/Meadowsweet_by_Lysekil_Line_in_Brastad_7.jpg/1280px-Meadowsweet_by_Lysekil_Line_in_Brastad_7.jpg HTTP Error 403: Forbidden
ERR verify https://upload.wikimedia.org/wikipedia/commons/thumb/e/e3/Filipendula_ulmaria_%28flower_spike%29.jpg/1280px-Filipendula_ulmaria_%28flower_spike%29.jpg HTTP Error 403: Forbidden
ERR verify https://upload.wikimedia.org/wikipedia/commons/4/4e/.00_7237_Echte_M%C3%A4des%C3%BC%C3%9F_%28Filipendula_ulmaria%29.jpg HTTP Error 403: Forbidden
ERR verify https://upload.wikimedia.org/wikipedia/commons/5/5d/Filipendula-ulmaria.JPG HTTP Error 403: Forbidden
ERR verify https://upload.wikimedia.org/wikipedia/commons/thumb/8/87/Filipendula_ulmaria_kz04.jpg/1280px-Filipendula_ulmaria_kz04.jpg HTTP Error 403: Forbidden
ERR verify https://upload.wikimedia.org/wikipedia/commons/8/87/Filipendula_ulmaria_kz03.jpg HTTP Error 403: Forbidden
ERR verify https://upload.wikimedia.org/wikipedia/commons/thumb/3/32/Filipendula_ulmaria_kz11.jpg/1280px-Filipendula_ulmaria_kz11.jpg HTTP Error 403: Forbidden
ERR verify https://upload.wikimedia.org/wikipedia/commons/thumb/1/19/Filipendula_ulmaria_detail.jpg/1280px-Filipendula_ulmaria_detail.jpg HTTP Error 403: Forbidden
ERR verify https://upload.wikimedia.org/wikipedia/commons/thumb/c/ce/Meadowsweet_by_Lysekil_Line_in_Brastad_7.jpg/1280px-Meadowsweet_by_Lysekil_Line_in_Brastad_7.jpg HTTP Error 403: Forbidden
ERR verify https://upload.wikimedia.org/wikipedia/commons/a/a0/HMS_Meadowsweet_FL5010.jpg HTTP Error 403: Forbidden
ERR verify https://upload.wikimedia.org/wikipedia/commons/5/5d/Filipendula-ulmaria.JPG HTTP Error 403: Forbidden
ERR verify https://upload.wikimedia.org/wikipedia/commons/4/4e/.00_7237_Echte_M%C3%A4des%C3%BC%C3%9F_%28Filipendula_ulmaria%29.jpg HTTP Error 403: Forbidden
ERR verify https://upload.wikimedia.org/wikipedia/commons/6/60/Annie_L._Pressland_Poppies_Scabious_and_Meadowsweet_Flowers_in_vase_still_life.jpg HTTP Error 403: Forbidden
ERR verify https://upload.wikimedia.org/wikipedia/commons/thumb/a/ae/Illustration_Filipendula_ulmaria0.jpg/1280px-Illustration_Filipendula_ulmaria0.jpg HTTP Error 403: Forbidden
ERR verify https://upload.wikimedia.org/wikipedia/commons/thumb/9/90/%27Filipendula_ulmaria%27_Meadowsweet_or_Mead_Wort_at_Shipley%2C_West_Sussex%2C_England.JPG/1280px-%27Filipendula_ulmaria%27_Meadowsweet_or_Mead_Wort_at_Shipley%2C_West_Sussex%2C_England.JPG HTTP Error 403: Forbidden
reine-des-pres -> 
ERR search Rhodiola rosea plant flower HTTP Error 429: Too Many Requests
ERR search Rhodiola rosea HTTP Error 429: Too Many Requests
rhodiole -> 
ERR search Rosmarinus officinalis plant HTTP Error 429: Too Many Requests
ERR search rosemary herb plant HTTP Error 429: Too Many Requests
romarin -> 
ERR search Salvia officinalis plant leaves HTTP Error 429: Too Many Requests
ERR search common sage plant HTTP Error 429: Too Many Requests
sauge-officinale -> 
ERR search Thymus vulgaris plant HTTP Error 429: Too Many Requests
ERR search thyme herb plant HTTP Error 429: Too Many Requests
thym -> 
ERR search Valeriana officinalis plant flower HTTP Error 429: Too Many Requests
ERR search valerian flowers HTTP Error 429: Too Many Requests
valeriane -> 
ERR search Hypericum perforatum flower HTTP Error 429: Too Many Requests
ERR search St John's wort flowers HTTP Error 429: Too Many Requests
millepertuis-hypericum-depression -> 
ERR search Griffonia simplicifolia seeds plant HTTP Error 429: Too Many Requests
ERR verify https://upload.wikimedia.org/wikipedia/commons/thumb/6/6b/Griffonia_simplicifolia_Faguet_1866.jpg/1280px-Griffonia_simplicifolia_Faguet_1866.jpg HTTP Error 403: Forbidden
ERR verify https://upload.wikimedia.org/wikipedia/commons/thumb/9/90/Griffonia_simplicifolia_%28Fabaceae-_Cercidoideae-_Cercideae%29_-_52602567073.jpg/1280px-Griffonia_simplicifolia_%28Fabaceae-_Cercidoideae-_Cercideae%29_-_52602567073.jpg HTTP Error 403: Forbidden
ERR verify https://upload.wikimedia.org/wikipedia/commons/0/0b/Griffonia_simplicifolia_%28Fabaceae-_Cercidoideae-_Cercideae%29.jpg HTTP Error 403: Forbidden
ERR verify https://upload.wikimedia.org/wikipedia/commons/b/b2/Griffonia_simplicifolia_%28Fabaceae-_Cercidoideae-_Cercideae%29_-_52602566508.jpg HTTP Error 403: Forbidden
ERR verify https://upload.wikimedia.org/wikipedia/commons/6/65/PDB_1gsl_EBI.jpg HTTP Error 403: Forbidden
ERR verify https://upload.wikimedia.org/wikipedia/commons/4/43/PDB_1hql_EBI.jpg HTTP Error 403: Forbidden
ERR verify https://upload.wikimedia.org/wikipedia/commons/6/66/PDB_1led_EBI.jpg HTTP Error 403: Forbidden
ERR verify https://upload.wikimedia.org/wikipedia/commons/2/2c/PDB_1lec_EBI.jpg HTTP Error 403: Forbidden
5-htp-griffonia-serotonine -> 
ERR verify https://upload.wikimedia.org/wikipedia/commons/thumb/e/ee/Saffronfarm-860808.jpg/1280px-Saffronfarm-860808.jpg HTTP Error 403: Forbidden
ERR verify https://upload.wikimedia.org/wikipedia/commons/thumb/1/1c/Safran-Weinviertel_Niederreiter_2_Gramm_8285.jpg/1280px-Safran-Weinviertel_Niederreiter_2_Gramm_8285.jpg HTTP Error 403: Forbidden
ERR verify https://upload.wikimedia.org/wikipedia/commons/thumb/7/79/Iran_saffron_threads.jpg/1280px-Iran_saffron_threads.jpg HTTP Error 403: Forbidden
ERR verify https://upload.wikimedia.org/wikipedia/commons/thumb/5/5a/%D0%9A%D1%80%D0%BE%D0%BA%D1%83%D1%81%D1%8B_%D0%BF%D0%BE%D0%B4_%D1%81%D0%BD%D0%B5%D0%B3%D0%BE%D0%BC.jpg/1280px-%D0%9A%D1%80%D0%BE%D0%BA%D1%83%D1%81%D1%8B_%D0%BF%D0%BE%D0%B4_%D1%81%D0%BD%D0%B5%D0%B3%D0%BE%D0%BC.jpg HTTP Error 403: Forbidden
ERR verify https://upload.wikimedia.org/wikipedia/commons/thumb/1/19/Crocus_sativus%2C_saffron_%284%29.jpg/1280px-Crocus_sativus%2C_saffron_%284%29.jpg HTTP Error 403: Forbidden
ERR verify https://upload.wikimedia.org/wikipedia/commons/thumb/2/21/Crocus_sativus_-_Saffron_crocus_-_Safran_02.JPG/1280px-Crocus_sativus_-_Saffron_crocus_-_Safran_02.JPG HTTP Error 403: Forbidden
ERR verify https://upload.wikimedia.org/wikipedia/commons/thumb/5/58/Crocus_sativus%2C_saffron%285%29.jpg/1280px-Crocus_sativus%2C_saffron%285%29.jpg HTTP Error 403: Forbidden
ERR verify https://upload.wikimedia.org/wikipedia/commons/thumb/c/c8/Crocus_sativus%2C_saffron_%2838%29.jpg/1280px-Crocus_sativus%2C_saffron_%2838%29.jpg HTTP Error 403: Forbidden
ERR verify https://upload.wikimedia.org/wikipedia/commons/thumb/1/1c/Safran-Weinviertel_Niederreiter_2_Gramm_8285.jpg/1280px-Safran-Weinviertel_Niederreiter_2_Gramm_8285.jpg HTTP Error 403: Forbidden
ERR verify https://upload.wikimedia.org/wikipedia/commons/thumb/e/ee/Saffronfarm-860808.jpg/1280px-Saffronfarm-860808.jpg HTTP Error 403: Forbidden
ERR verify https://upload.wikimedia.org/wikipedia/commons/thumb/7/79/Iran_saffron_threads.jpg/1280px-Iran_saffron_threads.jpg HTTP Error 403: Forbidden
ERR verify https://upload.wikimedia.org/wikipedia/commons/9/96/Saffran_crocus_sativus_moist.jpg HTTP Error 403: Forbidden
ERR verify https://upload.wikimedia.org/wikipedia/commons/thumb/b/bb/Crocus_sativus_-_Saffron_crocus_-_Safran_01.JPG/1280px-Crocus_sativus_-_Saffron_crocus_-_Safran_01.JPG HTTP Error 403: Forbidden
ERR verify https://upload.wikimedia.org/wikipedia/commons/thumb/2/21/Crocus_sativus_-_Saffron_crocus_-_Safran_02.JPG/1280px-Crocus_sativus_-_Saffron_crocus_-_Safran_02.JPG HTTP Error 403: Forbidden
ERR verify https://upload.wikimedia.org/wikipedia/commons/1/12/Saffron_Flower_Transparent.png HTTP Error 403: Forbidden
ERR verify https://upload.wikimedia.org/wikipedia/commons/thumb/b/b5/Crocus_sativus_-_Saffron_crocus_-_Safran_03.JPG/1280px-Crocus_sativus_-_Saffron_crocus_-_Safran_03.JPG HTTP Error 403: Forbidden
safran-crocus-depression -> 
ERR verify https://upload.wikimedia.org/wikipedia/commons/thumb/7/77/Childs%27_rare_flowers%2C_vegetables%2C_and_fruits_%281903%29_%2820418858408%29.jpg/1280px-Childs%27_rare_flowers%2C_vegetables%2C_and_fruits_%281903%29_%2820418858408%29.jpg HTTP Error 403: Forbidden
ERR verify https://upload.wikimedia.org/wikipedia/commons/thumb/0/0f/Childs%27_rare_flowers%2C_vegetables_and_fruits_%281916%29_%2820608052375%29.jpg/1280px-Childs%27_rare_flowers%2C_vegetables_and_fruits_%281916%29_%2820608052375%29.jpg HTTP Error 403: Forbidden
ERR verify https://upload.wikimedia.org/wikipedia/commons/thumb/d/d5/Onion_sprouts_Kerala.jpg/1280px-Onion_sprouts_Kerala.jpg HTTP Error 403: Forbidden
ERR verify https://upload.wikimedia.org/wikipedia/commons/thumb/7/78/Childs%27_rare_flowers%2C_vegetables_and_fruits%2C_1900_-_25th_anniversary_%281900%29_%2820420060589%29.jpg/1280px-Childs%27_rare_flowers%2C_vegetables_and_fruits%2C_1900_-_25th_anniversary_%281900%29_%2820420060589%29.jpg HTTP Error 403: Forbidden
ERR verify https://upload.wikimedia.org/wikipedia/commons/thumb/a/af/Sampler_plates_at_Caf%C3%A9_by_Tao%2C_Organic_Raw_Vegan_Caf%C3%A9_in_North_Vancouver_%288040341719%29.jpg/1280px-Sampler_plates_at_Caf%C3%A9_by_Tao%2C_Organic_Raw_Vegan_Caf%C3%A9_in_North_Vancouver_%288040341719%29.jpg HTTP Error 403: Forbidden
ERR verify https://upload.wikimedia.org/wikipedia/commons/thumb/e/e9/%D0%A1%D0%BC%D0%B0%D0%BA%D0%BE%D0%BB%D0%B8%D0%BA%D0%B8_%D1%83_Nebos.JPG/1280px-%D0%A1%D0%BC%D0%B0%D0%BA%D0%BE%D0%BB%D0%B8%D0%BA%D0%B8_%D1%83_Nebos.JPG HTTP Error 403: Forbidden
ERR verify https://upload.wikimedia.org/wikipedia/commons/thumb/0/08/Sugar_Spice_Cookies_on_decorative_plate.jpg/1280px-Sugar_Spice_Cookies_on_decorative_plate.jpg HTTP Error 403: Forbidden
ERR verify https://upload.wikimedia.org/wikipedia/commons/thumb/0/04/Coconut_Flan.jpg/1280px-Coconut_Flan.jpg HTTP Error 403: Forbidden
alimentation-vivante -> 
ERR verify https://upload.wikimedia.org/wikipedia/commons/thumb/6/61/Diospyros_kaki_sprouts_from_seed.jpg/1280px-Diospyros_kaki_sprouts_from_seed.jpg HTTP Error 403: Forbidden
ERR verify https://upload.wikimedia.org/wikipedia/commons/a/a7/Lemon_tree_sprout.jpg HTTP Error 403: Forbidden
ERR verify https://upload.wikimedia.org/wikipedia/commons/thumb/f/fe/Mung_bean_sprouts%2C_close-up.jpg/1280px-Mung_bean_sprouts%2C_close-up.jpg HTTP Error 403: Forbidden
ERR verify https://upload.wikimedia.org/wikipedia/commons/thumb/a/a3/Corn_seeds_growing_in_cotton_wool_Cape_Town_South_Africa.jpg/1280px-Corn_seeds_growing_in_cotton_wool_Cape_Town_South_Africa.jpg HTTP Error 403: Forbidden
ERR verify https://upload.wikimedia.org/wikipedia/commons/thumb/b/b4/Sprouted_chickpeas_%282%29.jpg/1280px-Sprouted_chickpeas_%282%29.jpg HTTP Error 403: Forbidden
ERR verify https://upload.wikimedia.org/wikipedia/commons/thumb/9/94/Sprouted_chickpea.jpg/1280px-Sprouted_chickpea.jpg HTTP Error 403: Forbidden
ERR verify https://upload.wikimedia.org/wikipedia/commons/thumb/b/b1/STRAWBERRY_SPROUTING_green_sprout_vivipary_achenes_oblong_fruit_close-up_Jordb%C3%A6r_gr%C3%B8nt_skudd_%28bought_in_Norway_December_2020%29_IMG_2502.jpg/1280px-STRAWBERRY_SPROUTING_green_sprout_vivipary_achenes_oblong_fruit_close-up_Jordb%C3%A6r_gr%C3%B8nt_skudd_%28bought_in_Norway_December_2020%29_IMG_2502.jpg HTTP Error 403: Forbidden
ERR verify https://upload.wikimedia.org/wikipedia/commons/thumb/d/de/1876Germination_of_Adzuki_bean_20.jpg/1280px-1876Germination_of_Adzuki_bean_20.jpg HTTP Error 403: Forbidden
ERR verify https://upload.wikimedia.org/wikipedia/commons/thumb/b/b8/1876Germination_of_Adzuki_bean_09.jpg/1280px-1876Germination_of_Adzuki_bean_09.jpg HTTP Error 403: Forbidden
ERR verify https://upload.wikimedia.org/wikipedia/commons/thumb/5/57/1912Germination_of_Adzuki_bean_05.jpg/1280px-1912Germination_of_Adzuki_bean_05.jpg HTTP Error 403: Forbidden
ERR verify https://upload.wikimedia.org/wikipedia/commons/thumb/e/ea/1912Germination_of_Adzuki_bean_16.jpg/1280px-1912Germination_of_Adzuki_bean_16.jpg HTTP Error 403: Forbidden
ERR verify https://upload.wikimedia.org/wikipedia/commons/thumb/9/92/1912Germination_of_Adzuki_bean_23.jpg/1280px-1912Germination_of_Adzuki_bean_23.jpg HTTP Error 403: Forbidden
ERR verify https://upload.wikimedia.org/wikipedia/commons/thumb/3/38/1876Germination_of_Adzuki_bean_06.jpg/1280px-1876Germination_of_Adzuki_bean_06.jpg HTTP Error 403: Forbidden
ERR verify https://upload.wikimedia.org/wikipedia/commons/thumb/3/3e/1876Germination_of_Adzuki_bean_05.jpg/1280px-1876Germination_of_Adzuki_bean_05.jpg HTTP Error 403: Forbidden
ERR verify https://upload.wikimedia.org/wikipedia/commons/thumb/f/f2/1876Germination_of_Adzuki_bean_19.jpg/1280px-1876Germination_of_Adzuki_bean_19.jpg HTTP Error 403: Forbidden
graines-germees -> 
lacto-fermentation -> 
