  429, waiting 10s...
  429, waiting 20s...
  429, waiting 30s...
  429, waiting 40s...
vitamine-d-supplementation-infections-respiratoires -> 
  429, waiting 10s...
  429, waiting 20s...
vitamine-b12-vegetariens-deficit -> 
  429, waiting 10s...
  429, waiting 20s...
  429, waiting 30s...
  429, waiting 40s...
  429, waiting 50s...
folates-methylfolate-depression -> 
  429, waiting 10s...
  429, waiting 20s...
  429, waiting 30s...
  429, waiting 40s...
vitamine-k2-arteres-os -> 
  429, waiting 10s...
  429, waiting 20s...
  429, waiting 30s...
  429, waiting 40s...
  429, waiting 50s...
  429, waiting 10s...
magnesium-formes-biodisponibilite -> 
  429, waiting 10s...
  429, waiting 20s...
  429, waiting 30s...
  429, waiting 40s...
